"../../../Engine/Content/Functions/Engine_MaterialFunctions01/Opacity/CameraDepthFade.uasset" 0
"../../../Engine/Content/EngineMaterials/T_Default_Material_Grid_M.uasset" 1
"../../../Engine/Content/EngineMaterials/T_Default_Material_Grid_N.uasset" 2
"../../../Engine/Content/EngineMaterials/WorldGridMaterial.uasset" 3
"../../../Engine/Content/BasicShapes/Cube.uasset" 4
"../../../../../Git/Blackout/Content/Blueprints/Old/TutorialLevelBeta/Block_Blueprint.uasset" 5
"../../../../../Git/Blackout/Content/Blueprints/Block_Blueprint.uasset" 6
"../../../../../Git/Blackout/Content/Blueprints/TutorialLevelBeta/Block_.uasset" 7
"../../../../../Git/Blackout/Content/Block_.uasset" 8
"../../../../../Git/Blackout/Content/Blueprints/Old/Button_Blueprint.uasset" 9
"../../../../../Git/Blackout/Content/Blueprints/TutorialLevelBeta/Button_Blueprint.uasset" 10
"../../../../../Git/Blackout/Content/Button_Blueprint.uasset" 11
"../../../../../Git/Blackout/Content/Blueprints/PanCamera.uasset" 12
"../../../../../Git/Blackout/Content/Animations/Researcher_Skeleton.uasset" 13
"../../../../../Git/Blackout/Content/Animations/Anim_Idle.uasset" 14
"../../../../../Git/Blackout/Content/Animations/Anim_Pickup.uasset" 15
"../../../../../Git/Blackout/Content/Animations/Anim_Poot.uasset" 16
"../../../../../Git/Blackout/Content/Animations/Anim_Walk.uasset" 17
"../../../../../Git/Blackout/Content/Animations/Walk_BP.uasset" 18
"../../../Engine/Content/EditorBlueprintResources/ActorMacros.uasset" 19
"../../../Engine/Content/EditorBlueprintResources/StandardMacros.uasset" 20
"../../../../../Git/Blackout/Content/Blueprints/WireElements/Powerable.uasset" 21
"../../../../../Git/Blackout/Content/Assets/Textures/SM_generator_00_BaseColor.uasset" 22
"../../../../../Git/Blackout/Content/Assets/Textures/SM_generator_00_Emissive.uasset" 23
"../../../../../Git/Blackout/Content/Assets/Textures/SM_generator_00_MRAO.uasset" 24
"../../../../../Git/Blackout/Content/Assets/Textures/SM_generator_00_Normal.uasset" 25
"../../../../../Git/Blackout/Content/Assets/Textures/TX_PressurePlate_Emissive_Mask.uasset" 26
"../../../../../Git/Blackout/Content/Assets/Materials/M_EmissiveMaterials.uasset" 27
"../../../../../Git/Blackout/Content/Assets/Textures/SM_pressurePlate_generator_00_BaseColor.uasset" 28
"../../../../../Git/Blackout/Content/Assets/Textures/SM_pressurePlate_generator_00_MRAO.uasset" 29
"../../../../../Git/Blackout/Content/Assets/Textures/SM_pressurePlate_generator_00_Normal.uasset" 30
"../../../../../Git/Blackout/Content/Assets/Materials/MI_Generator_PressurePlate.uasset" 31
"../../../../../Git/Blackout/Content/Assets/StaticMeshes/pressurePlateBottomGen_00.uasset" 32
"../../../../../Git/Blackout/Content/Assets/StaticMeshes/pressurePlateTopGen_00.uasset" 33
"../../../../../Git/Blackout/Content/Textures/Spark.uasset" 34
"../../../../../Git/Blackout/Content/Textures/Spark_Mat.uasset" 35
"../../../../../Git/Blackout/Content/ParticleSystems/Sparks_PS.uasset" 36
"../../../../../Git/Blackout/Content/Blueprints/GeneratorOutlet_Blueprint.uasset" 37
"../../../../../Git/Blackout/Content/Assets/Materials/MI_Generator.uasset" 38
"../../../../../Git/Blackout/Content/StarterContent/Textures/T_MacroVariation.uasset" 39
"../../../../../Git/Blackout/Content/StarterContent/Textures/T_Metal_Steel_D.uasset" 40
"../../../../../Git/Blackout/Content/StarterContent/Textures/T_Metal_Steel_N.uasset" 41
"../../../../../Git/Blackout/Content/StarterContent/Materials/M_Metal_Steel.uasset" 42
"../../../../../Git/Blackout/Content/Assets/Animation/SK_generator_00_PhysicsAsset.uasset" 43
"../../../../../Git/Blackout/Content/Assets/Animation/SK_generator_00_Skeleton.uasset" 44
"../../../../../Git/Blackout/Content/Assets/Animation/SK_generator_00.uasset" 45
"../../../../../Git/Blackout/Content/Blueprints/Generator_Blueprint_New.uasset" 46
"../../../../../Git/Blackout/Content/Assets/Textures/SM_pressurePlateBottom_00_BaseColor.uasset" 47
"../../../../../Git/Blackout/Content/Assets/Textures/SM_pressurePlateBottom_00_MRAO.uasset" 48
"../../../../../Git/Blackout/Content/Assets/Textures/SM_pressurePlateBottom_00_Normal.uasset" 49
"../../../../../Git/Blackout/Content/Assets/Textures/TX_PressurePlateBottom_Alpha.uasset" 50
"../../../../../Git/Blackout/Content/Assets/Materials/MI_PressurePlateBottom.uasset" 51
"../../../../../Git/Blackout/Content/Assets/Textures/SM_pressurePlateButton_00_BaseColor.uasset" 52
"../../../../../Git/Blackout/Content/Assets/Textures/SM_pressurePlateButton_00_MRAO.uasset" 53
"../../../../../Git/Blackout/Content/Assets/Textures/SM_pressurePlateButton_00_Normal.uasset" 54
"../../../../../Git/Blackout/Content/Assets/Textures/TX_PressurePlatTop_Alpha.uasset" 55
"../../../../../Git/Blackout/Content/Assets/Materials/MI_PressurePlateTop.uasset" 56
"../../../../../Git/Blackout/Content/Assets/Materials/wallAccentMaterial_00.uasset" 57
"../../../../../Git/Blackout/Content/Assets/StaticMeshes/SM_pressurePlateBottom_00.uasset" 58
"../../../../../Git/Blackout/Content/Assets/StaticMeshes/SM_pressurePlateButton_00.uasset" 59
"../../../../../Git/Blackout/Content/Blueprints/PressurePlate_Blueprint.uasset" 60
"../../../../../Git/Blackout/Content/Blueprints/WireElements/WireInterface.uasset" 61
"../../../Engine/Content/EngineMaterials/BlendFunc_DefBase.uasset" 62
"../../../Engine/Content/EngineMaterials/BlendFunc_DefBlend.uasset" 63
"../../../Engine/Content/Functions/Engine_MaterialFunctions03/Blends/Blend_HardLight.uasset" 64
"../../../Engine/Content/Functions/Engine_MaterialFunctions03/Blends/Blend_Screen.uasset" 65
"../../../../../Git/Blackout/Content/Assets/Textures/T_noise_00.uasset" 66
"../../../../../Git/Blackout/Content/Assets/Textures/tx_noise_02.uasset" 67
"../../../../../Git/Blackout/Content/Assets/Textures/Wire_ambient_occlusion.uasset" 68
"../../../../../Git/Blackout/Content/Assets/Textures/Wire_basecolor.uasset" 69
"../../../../../Git/Blackout/Content/Assets/Textures/Wire_metallic.uasset" 70
"../../../../../Git/Blackout/Content/Assets/Textures/Wire_normal.uasset" 71
"../../../../../Git/Blackout/Content/Assets/Textures/Wire_roughness.uasset" 72
"../../../../../Git/Blackout/Content/Assets/Materials/M_ActivatedWire.uasset" 73
"../../../../../Git/Blackout/Content/Assets/Materials/MI_ActivatedWire_Inst.uasset" 74
"../../../../../Git/Blackout/Content/Assets/Textures/T_FloorSketch_01_basecolor.uasset" 75
"../../../../../Git/Blackout/Content/Assets/Textures/T_FloorSketch_01_MRAO.uasset" 76
"../../../../../Git/Blackout/Content/Assets/Textures/T_FloorSketch_01_normal.uasset" 77
"../../../../../Git/Blackout/Content/Assets/Materials/M_Main.uasset" 78
"../../../../../Git/Blackout/Content/Assets/Materials/MI_WireTurntable.uasset" 79
"../../../../../Git/Blackout/Content/Assets/Materials/MI_WireTurntable_Channel.uasset" 80
"../../../../../Git/Blackout/Content/Assets/StaticMeshes/SK_TurntableWiresBase.uasset" 81
"../../../../../Git/Blackout/Content/Assets/StaticMeshes/SK_TurntableWiresChannel.uasset" 82
"../../../../../Git/Blackout/Content/Assets/StaticMeshes/SK_TurntableWiresIWire.uasset" 83
"../../../../../Git/Blackout/Content/Blueprints/WireElements/Wire_Interface__Blueprint.uasset" 84
"../../../../../Git/Blackout/Content/Assets/Materials/interiorMaterial_00.uasset" 85
"../../../../../Git/Blackout/Content/Assets/StaticMeshes/SM_doorLeft_00.uasset" 86
"../../../../../Git/Blackout/Content/Assets/StaticMeshes/SM_doorRight_00.uasset" 87
"../../../../../Git/Blackout/Content/Blueprints/SM_doorRight_00_Blueprint.uasset" 88
"../../../../../Git/Blackout/Content/Assets/Textures/SM_character_low_characterMaterial_00_BaseColor_00.uasset" 89
"../../../../../Git/Blackout/Content/Assets/Textures/SM_character_low_characterMaterial_00_MRAO_00.uasset" 90
"../../../../../Git/Blackout/Content/Assets/Textures/SM_character_low_characterMaterial_00_Normal_00.uasset" 91
"../../../../../Git/Blackout/Content/Assets/Materials/MI_Character_00.uasset" 92
"../../../../../Git/Blackout/Content/Assets/Textures/SM_character_low_characterMaterial_00_BaseColor_01.uasset" 93
"../../../../../Git/Blackout/Content/Assets/Materials/MI_Character_01.uasset" 94
"../../../../../Git/Blackout/Content/Animations/Researcher_PhysicsAsset.uasset" 95
"../../../../../Git/Blackout/Content/Animations/Researcher.uasset" 96
"../../../../../Git/Blackout/Content/Blueprints/ThirdPersonBP/Blueprints/ThirdPersonCharacter.uasset" 97
"../../../../../Git/Blackout/Content/Blueprints/CameraTrigger.uasset" 98
"../../../../../Git/Blackout/Content/CameraTrigger.uasset" 99
"../../../../../Git/Blackout/Content/Assets/Materials/TempMat/TempDoor.uasset" 100
"../../../../../Git/Blackout/Content/Blueprints/Door_Blueprint.uasset" 101
"../../../../../Git/Blackout/Content/Blueprints/TutorialLevelBeta/Door_Blueprint.uasset" 102
"../../../../../Git/Blackout/Content/Blueprints/TutorialLevelBeta/Door1_Blueprint.uasset" 103
"../../../../../Git/Blackout/Content/Door1_Blueprint.uasset" 104
"../../../../../Git/Blackout/Content/Door2_Blueprint.uasset" 105
"../../../../../Git/Blackout/Content/Blueprints/LauncherTrigger.uasset" 106
"../../../../../Git/Blackout/Content/LauncherTrigger.uasset" 107
"../../../../../Git/Blackout/Content/Assets/Materials/TempMat/MI_Grate_EmissiveBlue.uasset" 108
"../../../../../Git/Blackout/Content/MI_Grate_EmissiveBlue.uasset" 109
"../../../../../Git/Blackout/Content/Assets/Materials/TempMat/MI_Grate_EmissiveRed.uasset" 110
"../../../../../Git/Blackout/Content/MI_Grate_EmissiveRed.uasset" 111
"../../../../../Git/Blackout/Content/newWire.uasset" 112
"../../../../../Git/Blackout/Content/PanCamera.uasset" 113
"../../../Engine/Content/BasicShapes/BasicShapeMaterial.uasset" 114
"../../../Engine/Content/EngineMaterials/DefaultMaterial.uasset" 115
"../../../Engine/Content/BasicShapes/Cylinder.uasset" 116
"../../../../../Git/Blackout/Content/Blueprints/Old/TutorialLevelBeta/Pipe_Blueprint.uasset" 117
"../../../../../Git/Blackout/Content/Blueprints/Old/PipeTrigger_Blueprint.uasset" 118
"../../../../../Git/Blackout/Content/PipeTrigger_Blueprint.uasset" 119
"../../../../../Git/Blackout/Content/Assets/Textures/SM_Light_BaseColor.uasset" 120
"../../../../../Git/Blackout/Content/Assets/Textures/SM_Light_MRAO.uasset" 121
"../../../../../Git/Blackout/Content/Assets/Textures/SM_Light_Normal.uasset" 122
"../../../../../Git/Blackout/Content/Assets/Materials/MI_Light.uasset" 123
"../../../../../Git/Blackout/Content/Assets/Textures/TX_Light_Alpha.uasset" 124
"../../../../../Git/Blackout/Content/Assets/Materials/MI_LIghtEmissive.uasset" 125
"../../../../../Git/Blackout/Content/Assets/StaticMeshes/SM_Light.uasset" 126
"../../../../../Git/Blackout/Content/Blueprints/WireElements/AndGateLight.uasset" 127
"../../../../../Git/Blackout/Content/Blueprints/WireElements/PowerableAndGate.uasset" 128
"../../../../../Git/Blackout/Content/PowerableAndGate.uasset" 129
"../../../../../Git/Blackout/Content/Blueprints/WireElements/PowerableOrGate.uasset" 130
"../../../../../Git/Blackout/Content/PowerableOrGate.uasset" 131
"../../../../../Git/Blackout/Content/Blueprints/TutorialLevelBeta/PressurePlate_Blueprint.uasset" 132
"../../../../../Git/Blackout/Content/Blueprints/TutorialLevelBeta/PressurePlate_.uasset" 133
"../../../../../Git/Blackout/Content/PressurePlate_.uasset" 134
"../../../../../Git/Blackout/Content/Assets/StaticMeshes/SM_Wires.uasset" 135
"../../../../../Git/Blackout/Content/Blueprints/WireElements/SplineWires.uasset" 136
"../../../../../Git/Blackout/Content/SplineWires.uasset" 137
"../../../../../Git/Blackout/Content/Assets/StaticMeshes/valurautaputki.uasset" 138
"../../../../../Git/Blackout/Content/valurautaputki.uasset" 139
"../../../../../Git/Blackout/Content/Blueprints/WireElements/Wire.uasset" 140
"../../../../../Git/Blackout/Content/Wire.uasset" 141
"../../../../../Git/Blackout/Content/Animations/Anim_Tug.uasset" 142
"../../../../../Git/Blackout/Content/Animations/characterMaterial_00.uasset" 143
"../../../../../Git/Blackout/Content/Animations/NewAnimMontage.uasset" 144
"../../../../../Git/Blackout/Content/Animations/Walk.uasset" 145
"../../../../../Git/Blackout/Content/Animations/Walk_BP2.uasset" 146
"../../../Engine/Content/Functions/Engine_MaterialFunctions01/Gradient/LinearGradient.uasset" 147
"../../../Engine/Content/Functions/Engine_MaterialFunctions01/ImageAdjustment/3ColorBlend.uasset" 148
"../../../../../Git/Blackout/Content/Assets/Materials/M_Wire.uasset" 149
"../../../../../Git/Blackout/Content/Assets/Materials/M_Wire_Inst.uasset" 150
"../../../../../Git/Blackout/Content/Assets/Materials/NewMaterial.uasset" 151
"../../../../../Git/Blackout/Content/Assets/Materials/TempMat/TempBlack.uasset" 152
"../../../../../Git/Blackout/Content/Assets/Materials/TempMat/TempGeneratorOutlet.uasset" 153
"../../../../../Git/Blackout/Content/Assets/Materials/TempMat/TempPressurePlate.uasset" 154
"../../../../../Git/Blackout/Content/Assets/Materials/outsideWallMaterial_00.uasset" 155
"../../../../../Git/Blackout/Content/Assets/StaticMeshes/SM_characterRemesh_00.uasset" 156
"../../../../../Git/Blackout/Content/Assets/Textures/T_FloorSketch_02_basecolor.uasset" 157
"../../../../../Git/Blackout/Content/Assets/Textures/T_FloorSketch_02_MRAO.uasset" 158
"../../../../../Git/Blackout/Content/Assets/Textures/T_FloorSketch_02_normal.uasset" 159
"../../../../../Git/Blackout/Content/Assets/Materials/MI_Walls_00.uasset" 160
"../../../../../Git/Blackout/Content/Assets/StaticMeshes/SM_floorIndent_00.uasset" 161
"../../../../../Git/Blackout/Content/Assets/StaticMeshes/SM_generator_00.uasset" 162
"../../../../../Git/Blackout/Content/Assets/StaticMeshes/SM_pressurePlateBottomGen_00.uasset" 163
"../../../../../Git/Blackout/Content/Assets/Materials/trimMaterial_00.uasset" 164
"../../../../../Git/Blackout/Content/Assets/StaticMeshes/SM_pressurePlateTopGen_00.uasset" 165
"../../../../../Git/Blackout/Content/Assets/StaticMeshes/SM_trimBlank_00.uasset" 166
"../../../../../Git/Blackout/Content/Assets/StaticMeshes/SM_trimCorner_02.uasset" 167
"../../../../../Git/Blackout/Content/Assets/StaticMeshes/lambert1.uasset" 168
"../../../../../Git/Blackout/Content/Assets/StaticMeshes/SM_TurntableWiresI.uasset" 169
"../../../../../Git/Blackout/Content/Assets/StaticMeshes/SM_TurntableWiresL.uasset" 170
"../../../../../Git/Blackout/Content/Assets/Textures/SM_turretTop_00_BaseColor.uasset" 171
"../../../../../Git/Blackout/Content/Assets/Textures/SM_turretTop_00_MRAO.uasset" 172
"../../../../../Git/Blackout/Content/Assets/Textures/SM_turretTop_00_Normal.uasset" 173
"../../../../../Git/Blackout/Content/Assets/Textures/TX_TurretTop_Emissive_Mask.uasset" 174
"../../../../../Git/Blackout/Content/Assets/Materials/MI_TurretTop.uasset" 175
"../../../../../Git/Blackout/Content/Assets/StaticMeshes/SM_turretTop_00.uasset" 176
"../../../../../Git/Blackout/Content/Assets/StaticMeshes/SM_wallBlankOutside_00.uasset" 177
"../../../../../Git/Blackout/Content/Assets/StaticMeshes/SM_wallCorner_02.uasset" 178
"../../../../../Git/Blackout/Content/Assets/StaticMeshes/wallAccentMaterial_00.uasset" 179
"../../../../../Git/Blackout/Content/Assets/Materials/M_Glass.uasset" 180
"../../../../../Git/Blackout/Content/Assets/Materials/MI_Windows_00.uasset" 181
"../../../../../Git/Blackout/Content/Assets/StaticMeshes/MergedAssets/SM_wallsRoom02.uasset" 182
"../../../../../Git/Blackout/Content/Assets/StaticMeshes/MergedAssets/SM_MERGED_SM_wallBlank_00_8.uasset" 183
"../../../../../Git/Blackout/Content/Assets/Textures/Distort.uasset" 184
"../../../../../Git/Blackout/Content/Assets/Textures/fx_tex_gradient_horizontal_02.uasset" 185
"../../../../../Git/Blackout/Content/Assets/Textures/fx_tex_gradient_horizontal_03.uasset" 186
"../../../../../Git/Blackout/Content/Assets/Textures/fx_tex_gradient_horizontal_04.uasset" 187
"../../../../../Git/Blackout/Content/Assets/Textures/fx_tex_gradient_horizontal_05.uasset" 188
"../../../../../Git/Blackout/Content/Assets/Textures/SM_character_low_characterMaterial_00_MRAO_01.uasset" 189
"../../../../../Git/Blackout/Content/Assets/Textures/SM_character_low_characterMaterial_00_Normal_01.uasset" 190
"../../../../../Git/Blackout/Content/Assets/Textures/SM_lift_00_BaseColor_0.uasset" 191
"../../../../../Git/Blackout/Content/Assets/Textures/SM_lift_00_MRAO_0.uasset" 192
"../../../../../Git/Blackout/Content/Assets/Textures/SM_lift_00_Normal_0.uasset" 193
"../../../../../Git/Blackout/Content/Assets/Textures/SM_turretBase_00_BaseColor.uasset" 194
"../../../../../Git/Blackout/Content/Assets/Textures/TX_Lever_Emissive_Mask.uasset" 195
"../../../../../Git/Blackout/Content/Assets/Textures/tx_noise_03.uasset" 196
"../../../../../Git/Blackout/Content/Assets/Textures/tx_noise_04.uasset" 197
"../../../../../Git/Blackout/Content/Assets/Textures/tx_noise_05.uasset" 198
"../../../../../Git/Blackout/Content/Assets/Textures/Wire_height.uasset" 199
"../../../../../Git/Blackout/Content/Assets/UI/blackout_logo.uasset" 200
"../../../../../Git/Blackout/Content/Blueprints/Pipe_Blueprint.uasset" 201
"../../../../../Git/Blackout/Content/Blueprints/Old/CableActor1_Blueprint.uasset" 202
"../../../../../Git/Blackout/Content/Blueprints/ThirdPersonBP/Blueprints/ThirdPersonGameMode.uasset" 203
"../../../../../Git/Blackout/Content/Blueprints/TutorialLevelBeta/GeneratorOutlet_Blueprint.uasset" 204
"../../../../../Git/Blackout/Content/Blueprints/Old/TutorialLevelBeta/Generator_Blueprint_Old.uasset" 205
"../../../../../Git/Blackout/Content/Blueprints/Generator_Blueprint_Old.uasset" 206
"../../../../../Git/Blackout/Content/Blueprints/TutorialLevelBeta/Generator_Blueprint.uasset" 207
"../../../../../Git/Blackout/Content/Blueprints/TutorialLevelBeta/Generator_Blueprint_New.uasset" 208
"../../../../../Git/Blackout/Content/Assets/Textures/SM_lift_00_BaseColor.uasset" 209
"../../../../../Git/Blackout/Content/Assets/Textures/SM_lift_00_MRAO.uasset" 210
"../../../../../Git/Blackout/Content/Assets/Textures/SM_lift_00_Normal.uasset" 211
"../../../../../Git/Blackout/Content/Assets/Materials/MI_Lift.uasset" 212
"../../../../../Git/Blackout/Content/StarterContent/Materials/M_Basic_Wall.uasset" 213
"../../../../../Git/Blackout/Content/Assets/StaticMeshes/SM_lift_00.uasset" 214
"../../../../../Git/Blackout/Content/Blueprints/Lift_Blueprint.uasset" 215
"../../../../../Git/Blackout/Content/Blueprints/TutorialLevelBeta/Lift_Blueprint.uasset" 216
"../../../../../Git/Blackout/Content/Assets/Materials/MI_Grate_00.uasset" 217
"../../../../../Git/Blackout/Content/Blueprints/Old/Wire_Interface__Blueprint.uasset" 218
"../../../../../Git/Blackout/Content/Blueprints/Wire_Interface__Blueprint.uasset" 219
"../../../../../Git/Blackout/Content/Blueprints/TutorialLevelBeta/Wire_Interface__Blueprint.uasset" 220
"../../../../../Git/Blackout/Content/Blueprints/WireElements/PowerableObjects.uasset" 221
"../../../../../Git/Blackout/Content/Blueprints/WireElements/Powerable_And_Gate.uasset" 222
"../../../../../Git/Blackout/Content/StarterContent/Shapes/Shape_Pipe.uasset" 223
"../../../../../Git/Blackout/Content/Blueprints/WireElements/SplineTrim.uasset" 224
"../../../../../Git/Blackout/Content/GameUtilities/ExampleAdvancedSessionsFunctionsChar.uasset" 225
"../../../../../Git/Blackout/Content/GameUtilities/MultiplayerGameMode.uasset" 226
"../../../../../Git/Blackout/Content/StarterContent/Materials/CubeMaterial.uasset" 227
"../../../../../Git/Blackout/Content/StarterContent/Materials/M_Basic_Floor.uasset" 228
"../../../../../Git/Blackout/Content/StarterContent/Materials/M_Glass.uasset" 229
"../../../../../Git/Blackout/Content/StarterContent/Textures/T_Metal_Gold_D.uasset" 230
"../../../../../Git/Blackout/Content/StarterContent/Textures/T_Metal_Gold_N.uasset" 231
"../../../../../Git/Blackout/Content/StarterContent/Materials/M_Metal_Gold.uasset" 232
"../../../../../Git/Blackout/Content/StarterContent/Shapes/Shape_Pipe_90.uasset" 233
"../../../../../Git/Blackout/Content/GameUtilities/PS_Steam.uasset" 234
"../../../../../Git/Blackout/Content/GameUtilities/GM_Steam.uasset" 235
"../../../../../Git/Blackout/Content/Steam/GM_Steam.uasset" 236
"../../../../../Git/Blackout/Content/Steam/PS_Steam.uasset" 237
"../../../../../Git/Blackout/Content/Textures/Distort.uasset" 238
"../../../Engine/Content/Animation/DefaultAnimCurveCompressionSettings.uasset" 239
"../../../Engine/Content/ArtTools/RenderToTexture/Meshes/S_1_Unit_Plane.uasset" 240
"../../../Engine/Content/BasicShapes/Cone.uasset" 241
"../../../Engine/Content/BasicShapes/Plane.uasset" 242
"../../../Engine/Content/BasicShapes/Sphere.uasset" 243
"../../../Engine/Content/EditorLandscapeResources/DataLayer.uasset" 244
"../../../Engine/Content/EditorMaterials/MAT_Groups_Toggle.uasset" 245
"../../../Engine/Content/EditorMaterials/MAT_Groups_Visibility.uasset" 246
"../../../Engine/Content/EditorMaterials/PreviewShadowIndicator.uasset" 247
"../../../Engine/Content/EditorMaterials/PreviewShadowIndicatorMaterial.uasset" 248
"../../../Engine/Content/EditorMaterials/MatineeGroups/MAT_ColorTrack.uasset" 249
"../../../Engine/Content/EditorMaterials/MatineeGroups/MAT_Groups_Anim.uasset" 250
"../../../Engine/Content/EditorMaterials/MatineeGroups/MAT_Groups_AudioMaster.uasset" 251
"../../../Engine/Content/EditorMaterials/MatineeGroups/MAT_Groups_Director.uasset" 252
"../../../Engine/Content/EditorMaterials/MatineeGroups/MAT_Groups_Event.uasset" 253
"../../../Engine/Content/EditorMaterials/MatineeGroups/MAT_Groups_Fade.uasset" 254
"../../../Engine/Content/EditorMaterials/MatineeGroups/MAT_Groups_Float.uasset" 255
"../../../Engine/Content/EditorMaterials/MatineeGroups/MAT_Groups_Move.uasset" 256
"../../../Engine/Content/EditorMaterials/MatineeGroups/MAT_Groups_Slomo.uasset" 257
"../../../Engine/Content/EditorMaterials/MatineeGroups/MAT_Groups_Sound.uasset" 258
"../../../Engine/Content/EditorMaterials/MatineeGroups/MAT_Groups_Vector.uasset" 259
"../../../Engine/Content/EditorMaterials/ParticleSystems/PSysThumbnail_NoImage.uasset" 260
"../../../Engine/Content/EditorMaterials/ParticleSystems/PSysThumbnail_OOD.uasset" 261
"../../../Engine/Content/EditorMaterials/Camera/CineMat.uasset" 262
"../../../Engine/Content/EditorMaterials/Camera/MI_CineMat_Rig.uasset" 263
"../../../Engine/Content/EditorMeshes/Camera/SM_CraneRig_Arm.uasset" 264
"../../../Engine/Content/EditorMeshes/Camera/SM_CraneRig_Base.uasset" 265
"../../../Engine/Content/EditorMeshes/Camera/SM_CraneRig_Body.uasset" 266
"../../../Engine/Content/EditorMeshes/Camera/SM_CraneRig_Mount.uasset" 267
"../../../Engine/Content/EditorMeshes/Camera/SM_RailRig_Mount.uasset" 268
"../../../Engine/Content/EditorMeshes/Camera/SM_RailRig_Track.uasset" 269
"../../../Engine/Content/EditorResources/BSPVertex.uasset" 270
"../../../Engine/Content/EditorResources/EmptyActor.uasset" 271
"../../../Engine/Content/EditorResources/S_Actor.uasset" 272
"../../../Engine/Content/EditorResources/S_Note.uasset" 273
"../../../Engine/Content/EditorResources/S_Solver.uasset" 274
"../../../Engine/Content/EditorResources/S_Trigger.uasset" 275
"../../../Engine/Content/EditorResources/AudioIcons/S_AudioComponent_AutoActivate.uasset" 276
"../../../Engine/Content/EditorResources/LightIcons/S_LightError.uasset" 277
"../../../Engine/Content/EditorResources/SequenceRecorder/Countdown.uasset" 278
"../../../Engine/Content/EditorResources/SequenceRecorder/RecordingIndicator.uasset" 279
"../../../Engine/Content/EditorSounds/Notifications/CompileFailed.uasset" 280
"../../../Engine/Content/EditorSounds/Notifications/CompileFailed_Cue.uasset" 281
"../../../Engine/Content/EditorSounds/Notifications/CompileSuccess.uasset" 282
"../../../Engine/Content/EditorSounds/Notifications/CompileStart_Cue.uasset" 283
"../../../Engine/Content/EditorSounds/Notifications/CompileSuccess_Cue.uasset" 284
"../../../Engine/Content/EngineDamageTypes/DmgTypeBP_Environmental.uasset" 285
"../../../Engine/Content/EngineDebugMaterials/DebugEditorMaterial.uasset" 286
"../../../Engine/Content/EngineDebugMaterials/DebugMeshMaterial.uasset" 287
"../../../Engine/Content/EngineDebugMaterials/M_SimpleTranslucent.uasset" 288
"../../../Engine/Content/Functions/Engine_MaterialFunctions02/Utility/CameraDirectionVector.uasset" 289
"../../../Engine/Content/EngineDebugMaterials/VolumeToRender.uasset" 290
"../../../Engine/Content/EngineDebugMaterials/M_VolumeRenderSphereTracePP.uasset" 291
"../../../Engine/Content/EngineDebugMaterials/WireframeMaterial.uasset" 292
"../../../Engine/Content/EngineMaterials/BaseFlattenDiffuseMap.uasset" 293
"../../../Engine/Content/EngineMaterials/BaseFlattenEmissiveMap.uasset" 294
"../../../Engine/Content/EngineMaterials/BaseFlattenGrayscaleMap.uasset" 295
"../../../Engine/Content/EngineMaterials/BaseFlattenNormalMap.uasset" 296
"../../../Engine/Content/EngineMaterials/BaseFlattenMaterial.uasset" 297
"../../../Engine/Content/EngineMaterials/BlueNoise.uasset" 298
"../../../Engine/Content/EngineMaterials/DefaultBloomKernel.uasset" 299
"../../../Engine/Content/EngineMaterials/DefaultBokeh.uasset" 300
"../../../Engine/Content/EngineMaterials/DefaultDiffuse.uasset" 301
"../../../Engine/Content/EngineMaterials/DefaultDeferredDecalMaterial.uasset" 302
"../../../Engine/Content/EngineMaterials/DefaultLightFunctionMaterial.uasset" 303
"../../../Engine/Content/EngineMaterials/DefaultPhysicalMaterial.uasset" 304
"../../../Engine/Content/Functions/Engine_MaterialFunctions02/Utility/BreakOutFloat2Components.uasset" 305
"../../../Engine/Content/EngineMaterials/DefaultPostProcessMaterial.uasset" 306
"../../../Engine/Content/EngineFonts/RobotoDistanceField.uasset" 307
"../../../Engine/Content/EngineMaterials/DefaultTextMaterialOpaque.uasset" 308
"../../../Engine/Content/EngineMaterials/DefaultVirtualTextureMaterial.uasset" 309
"../../../Engine/Content/EngineMaterials/DefaultWhiteGrid.uasset" 310
"../../../Engine/Content/EngineMaterials/DefaultWhiteGrid_Low.uasset" 311
"../../../Engine/Content/EngineMaterials/EmissiveMeshMaterial.uasset" 312
"../../../Engine/Content/EngineMaterials/GizmoMaterial.uasset" 313
"../../../Engine/Content/EngineMaterials/Good64x64TilingNoiseHighFreq.uasset" 314
"../../../Engine/Content/EngineMaterials/HairDefaultMaterial.uasset" 315
"../../../Engine/Content/EngineMaterials/MiniFont.uasset" 316
"../../../Engine/Content/EngineMaterials/InvalidLightmapSettings.uasset" 317
"../../../Engine/Content/EngineMaterials/M_InvalidLightmapSettings.uasset" 318
"../../../Engine/Content/Functions/Engine_MaterialFunctions02/WorldPositionOffset/CameraOffset.uasset" 319
"../../../Engine/Content/EngineMaterials/PhAT_JointLimitMaterial.uasset" 320
"../../../Engine/Content/EngineMaterials/PreintegratedSkinBRDF.uasset" 321
"../../../Engine/Content/EngineMaterials/RemoveSurfaceMaterial.uasset" 322
"../../../Engine/Content/EngineMaterials/WeightMapPlaceholderTexture.uasset" 323
"../../../Engine/Content/EngineResources/WhiteSquareTexture.uasset" 324
"../../../Engine/Content/EngineMaterials/Widget3DPassThrough.uasset" 325
"../../../Engine/Content/EngineMaterials/Widget3DPassThrough_Masked.uasset" 326
"../../../Engine/Content/EngineMaterials/Widget3DPassThrough_Opaque.uasset" 327
"../../../Engine/Content/EngineMaterials/Widget3DPassThrough_Masked_OneSided.uasset" 328
"../../../Engine/Content/EngineMaterials/Widget3DPassThrough_Opaque_OneSided.uasset" 329
"../../../Engine/Content/EngineMaterials/Widget3DPassThrough_Translucent.uasset" 330
"../../../Engine/Content/EngineMaterials/Widget3DPassThrough_Translucent_OneSided.uasset" 331
"../../../Engine/Content/EngineMeshes/Cylinder.uasset" 332
"../../../Engine/Content/EngineMeshes/Sphere.uasset" 333
"../../../Engine/Content/EngineResources/Black.uasset" 334
"../../../Engine/Content/EngineResources/DefaultTexture.uasset" 335
"../../../Engine/Content/EngineResources/DefaultTextureCube.uasset" 336
"../../../Engine/Content/EngineResources/DefaultVolumeTexture2D.uasset" 337
"../../../Engine/Content/EngineResources/DefaultVolumeTexture.uasset" 338
"../../../Engine/Content/EngineResources/GradientTexture0.uasset" 339
"../../../Engine/Content/EngineSounds/Master.uasset" 340
"../../../Engine/Content/Functions/Engine_MaterialFunctions01/Shading/ConvertFromDiffSpec.uasset" 341
"../../../Engine/Content/Functions/Engine_MaterialFunctions01/Shading/PowerToRoughness.uasset" 342
"../../../Engine/Content/Maps/Templates/Thumbnails/Default.uasset" 343
"../../../Engine/Content/Maps/Templates/Thumbnails/TimeOfDay.uasset" 344
"../../../Engine/Content/Maps/Templates/Thumbnails/VR-Basic.uasset" 345
"../../../Engine/Content/MobileResources/T_MobileControls_texture.uasset" 346
"../../../Engine/Content/MobileResources/T_MobileMenu2.uasset" 347
"../../../Engine/Content/MobileResources/HUD/AnalogHat.uasset" 348
"../../../Engine/Content/MobileResources/HUD/VirtualJoystick_Background.uasset" 349
"../../../Engine/Content/MobileResources/HUD/VirtualJoystick_Thumb.uasset" 350
"../../../Engine/Content/MobileResources/HUD/DefaultVirtualJoysticks.uasset" 351
"../../../Engine/Content/MobileResources/HUD/LeftVirtualJoystickOnly.uasset" 352
"../../../Engine/Content/MobileResources/HUD/MobileHUDButton1_off.uasset" 353
"../../../Engine/Content/MobileResources/HUD/MobileHUDButton1_on.uasset" 354
"../../../Engine/Content/MobileResources/HUD/MobileHUDButton2_off.uasset" 355
"../../../Engine/Content/MobileResources/HUD/MobileHUDButton2_on.uasset" 356
"../../../Engine/Content/MobileResources/HUD/MobileHUDButton3.uasset" 357
"../../../Engine/Content/MobileResources/HUD/MobileHUDButtonFire.uasset" 358
"../../../Engine/Content/MobileResources/HUD/MobileHUDDirectionPad.uasset" 359
"../../../Engine/Content/MobileResources/HUD/MobileHUDDirectionPad2.uasset" 360
"../../../Engine/Content/MobileResources/HUD/MobileHUDDirectionPad3.uasset" 361
"../../../Engine/Content/MobileResources/HUD/MobileHUDDirectionStick.uasset" 362
"../../../Engine/Content/MobileResources/HUD/T_Castle_ThumbstickInner.uasset" 363
"../../../Engine/Content/MobileResources/HUD/T_Castle_ThumbstickOutter.uasset" 364
"../../../Engine/Content/Tutorial/ContentIntroCurve.uasset" 365
"../../../Engine/Content/Tutorial/Basics/LevelEditorAttract.uasset" 366
"../../../Engine/Content/Tutorial/Basics/TutorialAssets/icon_tab_Levels_40x.uasset" 367
"../../../Engine/Content/Tutorial/Basics/LevelEditorOverview.uasset" 368
"../../../Engine/Content/Tutorial/BlueprintTutorials/TutorialAssets/Blueprint_64x.uasset" 369
"../../../Engine/Content/Tutorial/BlueprintTutorials/BlueprintEditorTutorial.uasset" 370
"../../../Engine/Content/VREditor/LaserPointer/VR_LaserPower_01.uasset" 371
"../../../Engine/Content/VREditor/TransformGizmo/TransformGizmoMaterial.uasset" 372
"../../../Engine/Content/VREditor/TransformGizmo/TranslucentTransformGizmoMaterial.uasset" 373
"../../../Engine/Content/VREditor/TransformGizmo/BoundingBoxCorner.uasset" 374
"../../../Engine/Content/VREditor/TransformGizmo/BoundingBoxEdge.uasset" 375
"../../../Engine/Content/VREditor/TransformGizmo/PlaneTranslationHandle.uasset" 376
"../../../Engine/Content/VREditor/TransformGizmo/Main.uasset" 377
"../../../Engine/Content/VREditor/TransformGizmo/Xray.uasset" 378
"../../../Engine/Content/VREditor/TransformGizmo/SM_Sequencer_Key.uasset" 379
"../../../Engine/Content/VREditor/TransformGizmo/SM_Sequencer_Node.uasset" 380
"../../Plugins/2D/Paper2D/Content/PlaceholderTextures/DummySpriteTexture.uasset" 381
"../../Plugins/2D/Paper2D/Content/DummySprite.uasset" 382
"../../Plugins/2D/Paper2D/Content/DefaultPaperTerrainMaterial.uasset" 383
"../../Plugins/2D/Paper2D/Content/DummySpriteTexture.uasset" 384
"../../Plugins/2D/Paper2D/Content/DefaultSpriteMaterial.uasset" 385
"../../Plugins/2D/Paper2D/Content/MaskedUnlitSpriteMaterial.uasset" 386
"../../Plugins/2D/Paper2D/Content/OpaqueUnlitSpriteMaterial.uasset" 387
"../../../Engine/Content/Functions/Engine_MaterialFunctions02/Utility/BreakOutFloat4Components.uasset" 388
"../../../Engine/Content/Functions/Engine_MaterialFunctions02/Utility/MakeFloat2.uasset" 389
"../../../Engine/Content/Functions/Engine_MaterialFunctions02/Utility/MakeFloat3.uasset" 390
"../../Plugins/Runtime/Oculus/OculusVR/Content/Materials/OculusMR_ChromaKey.uasset" 391
"../../Plugins/Runtime/Oculus/OculusVR/Content/Materials/OculusMR_ChromaKey_Lit.uasset" 392
"../../Plugins/Runtime/Oculus/OculusVR/Content/Materials/OculusMR_OpaqueColoredMaterial.uasset" 393
"../../Plugins/Runtime/Oculus/OculusVR/Content/Materials/OculusMR_WhiteMaterial.uasset" 394
"../../../../../Git/Blackout/Plugins/FMODStudio/Content/AnimNotify_FMODPlayEvent.uasset" 395
"../../../../../Git/Blackout/Content/Blueprints/SpotLight_Blueprint.uasset" 396
"../../../Engine/Content/EngineSky/C_Sky_Cloud_Color.uasset" 397
"../../../Engine/Content/EngineSky/C_Sky_Horizon_Color.uasset" 398
"../../../Engine/Content/EngineSky/C_Sky_Zenith_Color.uasset" 399
"../../../Engine/Content/EngineSky/T_Sky_Blue.uasset" 400
"../../../Engine/Content/EngineSky/T_Sky_Clouds_M.uasset" 401
"../../../Engine/Content/EngineSky/T_Sky_Stars.uasset" 402
"../../../Engine/Content/EngineSky/M_Sky_Panning_Clouds2.uasset" 403
"../../../Engine/Content/EngineSky/SM_SkySphere.uasset" 404
"../../../Engine/Content/EngineSky/BP_Sky_Sphere.uasset" 405
"../../../../../Git/Blackout/Content/GameUtilities/ServerSettings.uasset" 406
"../../../../../Git/Blackout/Content/GameUtilities/MultiplayerGameInstance.uasset" 407
"../../../../../Git/Blackout/Content/GameUtilities/LevelList.uasset" 408
"../../../../../Git/Blackout/Content/Blueprints/LevelChangeTrigger_Blueprint.uasset" 409
"../../../../../Git/Blackout/Content/Blueprints/Sound/JukeBox.uasset" 410
"../../../../../Git/Blackout/Content/Blueprints/Sound/AudioPowerLevelSetter.uasset" 411
"../../../../../Git/Blackout/Content/Blueprints/Sound/GroundTrigger.uasset" 412
"../../../../../Git/Blackout/Content/Assets/Materials/emissiveTrimMaterial_00.uasset" 413
"../../../../../Git/Blackout/Content/Assets/Materials/MI_emissiveTrimMaterial_00.uasset" 414
"../../../../../Git/Blackout/Content/Assets/StaticMeshes/SM_trim_00.uasset" 415
"../../../../../Git/Blackout/Content/Blueprints/WireElements/Trim_Blueprint.uasset" 416
"../../../../../Git/Blackout/Content/Assets/StaticMeshes/SM_trimCorner_00.uasset" 417
"../../../../../Git/Blackout/Content/Blueprints/WireElements/TrimCorner_Blueprint1.uasset" 418
"../../../../../Git/Blackout/Content/Assets/StaticMeshes/SK_TurntableWiresLWire.uasset" 419
"../../../../../Git/Blackout/Content/Blueprints/WireElements/Wire_Interface__Blueprint_Angle.uasset" 420
"../../../../../Git/Blackout/Content/Levels/Level_1_BuiltData.uasset" 421
"../../../../../Git/Blackout/Content/Assets/Textures/D_FrostCircle_00_basecolor.uasset" 422
"../../../../../Git/Blackout/Content/Assets/Materials/M_Decals.uasset" 423
"../../../../../Git/Blackout/Content/Assets/Materials/M_Snow.uasset" 424
"../../../../../Git/Blackout/Content/Assets/Textures/D_DirtGradient_00_basecolor.uasset" 425
"../../../../../Git/Blackout/Content/Assets/Materials/MI_GradientDirt_00.uasset" 426
"../../../../../Git/Blackout/Content/Assets/Textures/D_FrostGradient_00_basecolor.uasset" 427
"../../../../../Git/Blackout/Content/Assets/Materials/MI_GradientFrost_00.uasset" 428
"../../../../../Git/Blackout/Content/Assets/Textures/SM_longCrate_BaseColor.uasset" 429
"../../../../../Git/Blackout/Content/Assets/Textures/SM_longCrate_MRAO.uasset" 430
"../../../../../Git/Blackout/Content/Assets/Textures/SM_longCrate_Normal.uasset" 431
"../../../../../Git/Blackout/Content/Assets/Materials/MI_longCrate.uasset" 432
"../../../Engine/Content/MapTemplates/Sky/DaylightAmbientCubemap.uasset" 433
"../../../../../Git/Blackout/Content/Assets/StaticMeshes/MergedAssets/SM_wallsRoom01.uasset" 434
"../../../../../Git/Blackout/Content/Assets/StaticMeshes/MergedAssets/SM_wallsRoom03.uasset" 435
"../../../../../Git/Blackout/Content/Assets/Textures/SM_AntennaBox_BaseColor.uasset" 436
"../../../../../Git/Blackout/Content/Assets/Textures/SM_AntennaBox_MRAO.uasset" 437
"../../../../../Git/Blackout/Content/Assets/Textures/SM_AntennaBox_Normal.uasset" 438
"../../../../../Git/Blackout/Content/Assets/Materials/MI_AntennaBox.uasset" 439
"../../../../../Git/Blackout/Content/Assets/StaticMeshes/SM_AntennaBox.uasset" 440
"../../../../../Git/Blackout/Content/Assets/StaticMeshes/SM_doorFrame_00.uasset" 441
"../../../../../Git/Blackout/Content/Assets/StaticMeshes/SM_floor_00.uasset" 442
"../../../../../Git/Blackout/Content/Assets/Textures/T_FloorSketch_01_basecolor_00.uasset" 443
"../../../../../Git/Blackout/Content/Assets/Materials/MI_Grate_01.uasset" 444
"../../../../../Git/Blackout/Content/Assets/StaticMeshes/SM_floorElevated_00.uasset" 445
"../../../../../Git/Blackout/Content/Assets/StaticMeshes/SM_longCrate.uasset" 446
"../../../../../Git/Blackout/Content/Assets/StaticMeshes/SM_ramp_00.uasset" 447
"../../../../../Git/Blackout/Content/Assets/StaticMeshes/SM_Snow.uasset" 448
"../../../../../Git/Blackout/Content/Assets/StaticMeshes/SM_wallBlank_00.uasset" 449
"../../../../../Git/Blackout/Content/Assets/StaticMeshes/SM_wallStartWindow_00.uasset" 450
"../../../../../Git/Blackout/Content/Assets/StaticMeshes/SM_wallWindow_00.uasset" 451
"../../../../../Git/Blackout/Content/Assets/Textures/tx_grad_00.uasset" 452
"../../../../../Git/Blackout/Content/Assets/Materials/M_SnowFlake.uasset" 453
"../../../../../Git/Blackout/Content/ParticleSystems/PS_Snow.uasset" 454
"../../../../../Git/Blackout/Content/Levels/Level_1.umap" 455
"../../../../../Git/Blackout/Content/Assets/StaticMeshes/SM_turretTop_01_Skeleton.uasset" 456
"../../../../../Git/Blackout/Content/Assets/StaticMeshes/SM_turretTop_01_Anim.uasset" 457
"../../../../../Git/Blackout/Content/Assets/StaticMeshes/TurretAnimBP.uasset" 458
"../../../../../Git/Blackout/Content/Assets/Textures/SM_turretBase_00_MRAO.uasset" 459
"../../../../../Git/Blackout/Content/Assets/Textures/SM_turretBase_00_Normal.uasset" 460
"../../../../../Git/Blackout/Content/Assets/Textures/TX_TurretBase_Emissive_Mask.uasset" 461
"../../../../../Git/Blackout/Content/Assets/Materials/MI_TurretBAse.uasset" 462
"../../../../../Git/Blackout/Content/Assets/StaticMeshes/SM_turretBase_00.uasset" 463
"../../../../../Git/Blackout/Content/Assets/StaticMeshes/SM_turretTop_01_PhysicsAsset.uasset" 464
"../../../../../Git/Blackout/Content/Assets/StaticMeshes/SM_turretTop_01.uasset" 465
"../../../../../Git/Blackout/Content/ParticleSystems/M_Ribbon.uasset" 466
"../../../../../Git/Blackout/Content/ParticleSystems/PS_PSHHH.uasset" 467
"../../../../../Git/Blackout/Content/Blueprints/Turret_Blueprint.uasset" 468
"../../../../../Git/Blackout/Content/Assets/Textures/SM_battery_BaseColor.uasset" 469
"../../../../../Git/Blackout/Content/Assets/Textures/SM_battery_MRAO.uasset" 470
"../../../../../Git/Blackout/Content/Assets/Textures/SM_battery_Normal.uasset" 471
"../../../../../Git/Blackout/Content/Assets/Textures/TX_Battery_EmissiveAlpha.uasset" 472
"../../../../../Git/Blackout/Content/Assets/Materials/MI_Battery.uasset" 473
"../../../../../Git/Blackout/Content/Assets/StaticMeshes/SM_battery.uasset" 474
"../../../../../Git/Blackout/Content/Blueprints/WireElements/PowerableBattery.uasset" 475
"../../../../../Git/Blackout/Content/Levels/Level_2_BuiltData.uasset" 476
"../../../../../Git/Blackout/Content/Assets/Textures/D_FrostCircle_01_basecolor.uasset" 477
"../../../../../Git/Blackout/Content/Assets/Materials/MI_CircleFrost_00.uasset" 478
"../../../../../Git/Blackout/Content/Assets/StaticMeshes/SM_doorFrameOutside_00.uasset" 479
"../../../../../Git/Blackout/Content/Assets/StaticMeshes/SM_rail_00.uasset" 480
"../../../../../Git/Blackout/Content/Assets/StaticMeshes/SM_wallCircularTrim_00.uasset" 481
"../../../../../Git/Blackout/Content/Assets/StaticMeshes/SM_wallCorner_00.uasset" 482
"../../../../../Git/Blackout/Content/Assets/StaticMeshes/SM_wallCorner_01.uasset" 483
"../../../../../Git/Blackout/Content/Assets/StaticMeshes/SM_wallCurved_00.uasset" 484
"../../../../../Git/Blackout/Content/Assets/StaticMeshes/SM_wallReverse_00.uasset" 485
"../../../../../Git/Blackout/Content/Levels/Level_2.umap" 486
"../../../../../Git/Blackout/Content/Levels/Level_3_BuiltData.uasset" 487
"../../../../../Git/Blackout/Content/Assets/Textures/tx_noise_01.uasset" 488
"../../../../../Git/Blackout/Content/Levels/Level_3.umap" 489
"../../../../../Git/Blackout/Content/GameUtilities/GM_MainMenu.uasset" 490
"../../../../../Git/Blackout/Content/Levels/Main_Menu_Level_BuiltData.uasset" 491
"../../../../../Git/Blackout/Content/Assets/Textures/fx_tex_gradient_horizontal_01.uasset" 492
"../../../../../Git/Blackout/Content/Assets/Textures/fx_tex_smooth_noise.uasset" 493
"../../../../../Git/Blackout/Content/Assets/Textures/fx_tex_wave.uasset" 494
"../../../../../Git/Blackout/Content/Assets/Materials/M_Aurora_01.uasset" 495
"../../../../../Git/Blackout/Content/Assets/StaticMeshes/SM_Ribbon_01.uasset" 496
"../../../../../Git/Blackout/Content/ParticleSystems/PS_Aurora_01.uasset" 497
"../../../../../Git/Blackout/Content/UI/Baron_Neue.uasset" 498
"../../../../../Git/Blackout/Content/UI/Baron_Neue_Font.uasset" 499
"../../../../../Git/Blackout/Content/Assets/UI/Asset_1.uasset" 500
"../../../Engine/Content/EngineFonts/Faces/DroidSansFallback.uasset" 501
"../../../Engine/Content/EngineFonts/Faces/RobotoBold.uasset" 502
"../../../Engine/Content/EngineFonts/Faces/RobotoBoldItalic.uasset" 503
"../../../Engine/Content/EngineFonts/Faces/RobotoItalic.uasset" 504
"../../../Engine/Content/EngineFonts/Faces/RobotoLight.uasset" 505
"../../../Engine/Content/EngineFonts/Faces/RobotoRegular.uasset" 506
"../../../Engine/Content/EngineFonts/Roboto.uasset" 507
"../../../../../Git/Blackout/Content/UI/HostServer.uasset" 508
"../../../../../Git/Blackout/Content/UI/Searching/FindServersButton.uasset" 509
"../../../../../Git/Blackout/Content/UI/Searching/FindServersScrollbox.uasset" 510
"../../../../../Git/Blackout/Content/UI/OnlineMenu.uasset" 511
"../../../../../Git/Blackout/Content/UI/Options.uasset" 512
"../../../../../Git/Blackout/Content/UI/MainMenu.uasset" 513
"../../../../../Git/Blackout/Content/Levels/Main_Menu_Level.umap" 514
"../../../../../Git/Blackout/Content/Levels/Transition_Level.umap" 515
"../../../../../Git/Blackout/Content/Levels/Tutorial_Production_Remake_BuiltData.uasset" 516
"../../../../../Git/Blackout/Content/Levels/Tutorial_Production_Remake.umap" 517
